  Compiling CUDA source file reversi.cu...
  
  C:\Users\a8785\source\repos\ECSE420_Project\ECSE420_Project>"C:\Program Files\NVIDIA GPU Computing Toolkit\CUDA\v10.1\bin\nvcc.exe" -gencode=arch=compute_35,code=\"sm_35,compute_35\" --use-local-env -ccbin "C:\Program Files (x86)\Microsoft Visual Studio\2019\Community\VC\Tools\MSVC\14.28.29333\bin\HostX86\x64" -x cu  -I"C:\Program Files\NVIDIA GPU Computing Toolkit\CUDA\v10.1\include" -I"C:\Program Files\NVIDIA GPU Computing Toolkit\CUDA\v10.1\include"  -G   --keep-dir x64\Debug -maxrregcount=0  --machine 64 --compile -cudart static  -g   -DWIN32 -DWIN64 -D_DEBUG -D_CONSOLE -D_MBCS -Xcompiler "/EHsc /W3 /nologo /Od /Fdx64\Debug\vc142.pdb /FS /Zi /RTC1 /MDd " -o x64\Debug\reversi.cu.obj "C:\Users\a8785\source\repos\ECSE420_Project\ECSE420_Project\reversi.cu" 
C:\Program Files\NVIDIA GPU Computing Toolkit\CUDA\v10.1\include\crt\math_functions.h(1): warning C4819: The file contains a character that cannot be represented in the current code page (936). Save the file in Unicode format to prevent data loss
C:\Program Files\NVIDIA GPU Computing Toolkit\CUDA\v10.1\include\crt\math_functions.h(825): warning C4819: The file contains a character that cannot be represented in the current code page (936). Save the file in Unicode format to prevent data loss
C:\Program Files\NVIDIA GPU Computing Toolkit\CUDA\v10.1\include\crt\math_functions.h(1760): warning C4819: The file contains a character that cannot be represented in the current code page (936). Save the file in Unicode format to prevent data loss
C:\Program Files\NVIDIA GPU Computing Toolkit\CUDA\v10.1\include\crt\math_functions.h(2622): warning C4819: The file contains a character that cannot be represented in the current code page (936). Save the file in Unicode format to prevent data loss
C:\Program Files\NVIDIA GPU Computing Toolkit\CUDA\v10.1\include\crt\math_functions.h(3461): warning C4819: The file contains a character that cannot be represented in the current code page (936). Save the file in Unicode format to prevent data loss
C:\Program Files\NVIDIA GPU Computing Toolkit\CUDA\v10.1\include\crt\math_functions.h(4404): warning C4819: The file contains a character that cannot be represented in the current code page (936). Save the file in Unicode format to prevent data loss
C:\Program Files\NVIDIA GPU Computing Toolkit\CUDA\v10.1\include\crt\math_functions.h(5302): warning C4819: The file contains a character that cannot be represented in the current code page (936). Save the file in Unicode format to prevent data loss
C:\Program Files\NVIDIA GPU Computing Toolkit\CUDA\v10.1\include\crt\math_functions.h(6213): warning C4819: The file contains a character that cannot be represented in the current code page (936). Save the file in Unicode format to prevent data loss
C:\Program Files\NVIDIA GPU Computing Toolkit\CUDA\v10.1\include\crt\math_functions.h(7094): warning C4819: The file contains a character that cannot be represented in the current code page (936). Save the file in Unicode format to prevent data loss
C:\Program Files\NVIDIA GPU Computing Toolkit\CUDA\v10.1\include\crt\math_functions.h(7893): warning C4819: The file contains a character that cannot be represented in the current code page (936). Save the file in Unicode format to prevent data loss
C:\Program Files\NVIDIA GPU Computing Toolkit\CUDA\v10.1\include\crt/device_functions.h(1): warning C4819: The file contains a character that cannot be represented in the current code page (936). Save the file in Unicode format to prevent data loss
C:\Program Files\NVIDIA GPU Computing Toolkit\CUDA\v10.1\include\crt/device_functions.h(774): warning C4819: The file contains a character that cannot be represented in the current code page (936). Save the file in Unicode format to prevent data loss
C:\Program Files\NVIDIA GPU Computing Toolkit\CUDA\v10.1\include\crt/device_functions.h(1629): warning C4819: The file contains a character that cannot be represented in the current code page (936). Save the file in Unicode format to prevent data loss
C:\Program Files\NVIDIA GPU Computing Toolkit\CUDA\v10.1\include\crt\device_double_functions.h(1): warning C4819: The file contains a character that cannot be represented in the current code page (936). Save the file in Unicode format to prevent data loss
C:\Program Files\NVIDIA GPU Computing Toolkit\CUDA\v10.1\include\sm_20_intrinsics.h(1): warning C4819: The file contains a character that cannot be represented in the current code page (936). Save the file in Unicode format to prevent data loss
C:\Program Files\NVIDIA GPU Computing Toolkit\CUDA\v10.1\include\sm_20_intrinsics.h(926): warning C4819: The file contains a character that cannot be represented in the current code page (936). Save the file in Unicode format to prevent data loss
C:/Users/a8785/source/repos/ECSE420_Project/ECSE420_Project/reversi.cu(309): warning : variable "has_valid_move" was set but never used
  
C:/Users/a8785/source/repos/ECSE420_Project/ECSE420_Project/reversi.cu(443): warning : variable "copy_board" is used before its value is set
  
C:/Users/a8785/source/repos/ECSE420_Project/ECSE420_Project/reversi.cu(444): warning : variable "copy_playable_direction" is used before its value is set
  
C:\Program Files\NVIDIA GPU Computing Toolkit\CUDA\v10.1\include\crt\math_functions.h(1): warning C4819: The file contains a character that cannot be represented in the current code page (936). Save the file in Unicode format to prevent data loss
C:\Program Files\NVIDIA GPU Computing Toolkit\CUDA\v10.1\include\crt\math_functions.h(825): warning C4819: The file contains a character that cannot be represented in the current code page (936). Save the file in Unicode format to prevent data loss
C:\Program Files\NVIDIA GPU Computing Toolkit\CUDA\v10.1\include\crt\math_functions.h(1760): warning C4819: The file contains a character that cannot be represented in the current code page (936). Save the file in Unicode format to prevent data loss
C:\Program Files\NVIDIA GPU Computing Toolkit\CUDA\v10.1\include\crt\math_functions.h(2622): warning C4819: The file contains a character that cannot be represented in the current code page (936). Save the file in Unicode format to prevent data loss
C:\Program Files\NVIDIA GPU Computing Toolkit\CUDA\v10.1\include\crt\math_functions.h(3461): warning C4819: The file contains a character that cannot be represented in the current code page (936). Save the file in Unicode format to prevent data loss
C:\Program Files\NVIDIA GPU Computing Toolkit\CUDA\v10.1\include\crt\math_functions.h(4404): warning C4819: The file contains a character that cannot be represented in the current code page (936). Save the file in Unicode format to prevent data loss
C:\Program Files\NVIDIA GPU Computing Toolkit\CUDA\v10.1\include\crt\math_functions.h(5302): warning C4819: The file contains a character that cannot be represented in the current code page (936). Save the file in Unicode format to prevent data loss
C:\Program Files\NVIDIA GPU Computing Toolkit\CUDA\v10.1\include\crt\math_functions.h(6213): warning C4819: The file contains a character that cannot be represented in the current code page (936). Save the file in Unicode format to prevent data loss
C:\Program Files\NVIDIA GPU Computing Toolkit\CUDA\v10.1\include\crt\math_functions.h(7094): warning C4819: The file contains a character that cannot be represented in the current code page (936). Save the file in Unicode format to prevent data loss
C:\Program Files\NVIDIA GPU Computing Toolkit\CUDA\v10.1\include\crt\math_functions.h(7893): warning C4819: The file contains a character that cannot be represented in the current code page (936). Save the file in Unicode format to prevent data loss
C:\Program Files\NVIDIA GPU Computing Toolkit\CUDA\v10.1\include\crt/device_functions.h(1): warning C4819: The file contains a character that cannot be represented in the current code page (936). Save the file in Unicode format to prevent data loss
C:\Program Files\NVIDIA GPU Computing Toolkit\CUDA\v10.1\include\crt/device_functions.h(774): warning C4819: The file contains a character that cannot be represented in the current code page (936). Save the file in Unicode format to prevent data loss
C:\Program Files\NVIDIA GPU Computing Toolkit\CUDA\v10.1\include\crt/device_functions.h(1629): warning C4819: The file contains a character that cannot be represented in the current code page (936). Save the file in Unicode format to prevent data loss
C:\Program Files\NVIDIA GPU Computing Toolkit\CUDA\v10.1\include\crt\device_double_functions.h(1): warning C4819: The file contains a character that cannot be represented in the current code page (936). Save the file in Unicode format to prevent data loss
C:\Program Files\NVIDIA GPU Computing Toolkit\CUDA\v10.1\include\sm_20_intrinsics.h(1): warning C4819: The file contains a character that cannot be represented in the current code page (936). Save the file in Unicode format to prevent data loss
C:\Program Files\NVIDIA GPU Computing Toolkit\CUDA\v10.1\include\sm_20_intrinsics.h(926): warning C4819: The file contains a character that cannot be represented in the current code page (936). Save the file in Unicode format to prevent data loss
C:/Users/a8785/source/repos/ECSE420_Project/ECSE420_Project/reversi.cu(443): warning : variable "copy_board" is used before its value is set
  
C:/Users/a8785/source/repos/ECSE420_Project/ECSE420_Project/reversi.cu(444): warning : variable "copy_playable_direction" is used before its value is set
  
  reversi.cu
C:/Users/a8785/source/repos/ECSE420_Project/ECSE420_Project/reversi.cu(461): warning C5208: unnamed class used in typedef name cannot declare members other than non-static data members, member enumerations, or member classes
C:/Users/a8785/source/repos/ECSE420_Project/ECSE420_Project/reversi.cu(1253): warning C4244: 'argument': conversion from 'time_t' to 'unsigned int', possible loss of data
C:\Program Files\NVIDIA GPU Computing Toolkit\CUDA\v10.1\include\crt\math_functions.h(1): warning C4819: The file contains a character that cannot be represented in the current code page (936). Save the file in Unicode format to prevent data loss
C:\Program Files\NVIDIA GPU Computing Toolkit\CUDA\v10.1\include\crt\math_functions.h(825): warning C4819: The file contains a character that cannot be represented in the current code page (936). Save the file in Unicode format to prevent data loss
C:\Program Files\NVIDIA GPU Computing Toolkit\CUDA\v10.1\include\crt\math_functions.h(1760): warning C4819: The file contains a character that cannot be represented in the current code page (936). Save the file in Unicode format to prevent data loss
C:\Program Files\NVIDIA GPU Computing Toolkit\CUDA\v10.1\include\crt\math_functions.h(2622): warning C4819: The file contains a character that cannot be represented in the current code page (936). Save the file in Unicode format to prevent data loss
C:\Program Files\NVIDIA GPU Computing Toolkit\CUDA\v10.1\include\crt\math_functions.h(3461): warning C4819: The file contains a character that cannot be represented in the current code page (936). Save the file in Unicode format to prevent data loss
C:\Program Files\NVIDIA GPU Computing Toolkit\CUDA\v10.1\include\crt\math_functions.h(4404): warning C4819: The file contains a character that cannot be represented in the current code page (936). Save the file in Unicode format to prevent data loss
C:\Program Files\NVIDIA GPU Computing Toolkit\CUDA\v10.1\include\crt\math_functions.h(5302): warning C4819: The file contains a character that cannot be represented in the current code page (936). Save the file in Unicode format to prevent data loss
C:\Program Files\NVIDIA GPU Computing Toolkit\CUDA\v10.1\include\crt\math_functions.h(6213): warning C4819: The file contains a character that cannot be represented in the current code page (936). Save the file in Unicode format to prevent data loss
C:\Program Files\NVIDIA GPU Computing Toolkit\CUDA\v10.1\include\crt\math_functions.h(7094): warning C4819: The file contains a character that cannot be represented in the current code page (936). Save the file in Unicode format to prevent data loss
C:\Program Files\NVIDIA GPU Computing Toolkit\CUDA\v10.1\include\crt\math_functions.h(7893): warning C4819: The file contains a character that cannot be represented in the current code page (936). Save the file in Unicode format to prevent data loss
     Creating library C:\Users\a8785\source\repos\ECSE420_Project\x64\Debug\ECSE420_Project.lib and object C:\Users\a8785\source\repos\ECSE420_Project\x64\Debug\ECSE420_Project.exp
  ECSE420_Project.vcxproj -> C:\Users\a8785\source\repos\ECSE420_Project\x64\Debug\ECSE420_Project.exe
